
> nyayasetu@0.1.0 build
> next build

  Γû▓ Next.js 14.2.35
  - Environments: .env.local

   Creating an optimized production build ...
 Γ£ô Compiled successfully
   Skipping linting
   Checking validity of types ...
   Collecting page data ...
   Generating static pages (0/35) ...
[API] schemes error: B [Error]: Dynamic server usage: Route /api/schemes couldn't be rendered statically because it used `request.url`. See more info here: https://nextjs.org/docs/messages/dynamic-server-error
    at V (C:\Users\Dell\OneDrive\Desktop\sachit\Nyayasetu\Nyayasetu\node_modules\next\dist\compiled\next-server\app-route.runtime.prod.js:6:21778)
    at Object.get (C:\Users\Dell\OneDrive\Desktop\sachit\Nyayasetu\Nyayasetu\node_modules\next\dist\compiled\next-server\app-route.runtime.prod.js:6:29465)
    at p (C:\Users\Dell\OneDrive\Desktop\sachit\Nyayasetu\Nyayasetu\.next\server\app\api\schemes\route.js:1:556)
    at C:\Users\Dell\OneDrive\Desktop\sachit\Nyayasetu\Nyayasetu\node_modules\next\dist\compiled\next-server\app-route.runtime.prod.js:6:38417
    at C:\Users\Dell\OneDrive\Desktop\sachit\Nyayasetu\Nyayasetu\node_modules\next\dist\server\lib\trace\tracer.js:140:36
    at NoopContextManager.with (C:\Users\Dell\OneDrive\Desktop\sachit\Nyayasetu\Nyayasetu\node_modules\next\dist\compiled\@opentelemetry\api\index.js:1:7062)
    at ContextAPI.with (C:\Users\Dell\OneDrive\Desktop\sachit\Nyayasetu\Nyayasetu\node_modules\next\dist\compiled\@opentelemetry\api\index.js:1:518)
    at NoopTracer.startActiveSpan (C:\Users\Dell\OneDrive\Desktop\sachit\Nyayasetu\Nyayasetu\node_modules\next\dist\compiled\@opentelemetry\api\index.js:1:18093)
    at ProxyTracer.startActiveSpan (C:\Users\Dell\OneDrive\Desktop\sachit\Nyayasetu\Nyayasetu\node_modules\next\dist\compiled\@opentelemetry\api\index.js:1:18854)
    at C:\Users\Dell\OneDrive\Desktop\sachit\Nyayasetu\Nyayasetu\node_modules\next\dist\server\lib\trace\tracer.js:122:103 {
  description: "Route /api/schemes couldn't be rendered statically because it used `request.url`. See more info here: https://nextjs.org/docs/messages/dynamic-server-error",
  digest: 'DYNAMIC_SERVER_USAGE'
}
   Generating static pages (8/35) 
≡ƒîÉ i18next is made possible by our own product, Locize ΓÇö consider powering your project with managed localization (AI, CDN, integrations): https://locize.com ≡ƒÆÖ
≡ƒîÉ i18next is made possible by our own product, Locize ΓÇö consider powering your project with managed localization (AI, CDN, integrations): https://locize.com ≡ƒÆÖ
≡ƒîÉ i18next is made possible by our own product, Locize ΓÇö consider powering your project with managed localization (AI, CDN, integrations): https://locize.com ≡ƒÆÖ
   Generating static pages (17/35) 
[API] me error: B [Error]: Dynamic server usage: Route /api/auth/me couldn't be rendered statically because it used `request.headers`. See more info here: https://nextjs.org/docs/messages/dynamic-server-error
    at V (C:\Users\Dell\OneDrive\Desktop\sachit\Nyayasetu\Nyayasetu\node_modules\next\dist\compiled\next-server\app-route.runtime.prod.js:6:21778)
    at Object.get (C:\Users\Dell\OneDrive\Desktop\sachit\Nyayasetu\Nyayasetu\node_modules\next\dist\compiled\next-server\app-route.runtime.prod.js:6:29465)
    at o (C:\Users\Dell\OneDrive\Desktop\sachit\Nyayasetu\Nyayasetu\.next\server\app\api\officer\complaints\[id]\proof\route.js:1:4228)
    at d (C:\Users\Dell\OneDrive\Desktop\sachit\Nyayasetu\Nyayasetu\.next\server\app\api\auth\me\route.js:1:711)
    at C:\Users\Dell\OneDrive\Desktop\sachit\Nyayasetu\Nyayasetu\node_modules\next\dist\compiled\next-server\app-route.runtime.prod.js:6:38417
    at C:\Users\Dell\OneDrive\Desktop\sachit\Nyayasetu\Nyayasetu\node_modules\next\dist\server\lib\trace\tracer.js:140:36
    at NoopContextManager.with (C:\Users\Dell\OneDrive\Desktop\sachit\Nyayasetu\Nyayasetu\node_modules\next\dist\compiled\@opentelemetry\api\index.js:1:7062)
    at ContextAPI.with (C:\Users\Dell\OneDrive\Desktop\sachit\Nyayasetu\Nyayasetu\node_modules\next\dist\compiled\@opentelemetry\api\index.js:1:518)
    at NoopTracer.startActiveSpan (C:\Users\Dell\OneDrive\Desktop\sachit\Nyayasetu\Nyayasetu\node_modules\next\dist\compiled\@opentelemetry\api\index.js:1:18093)
    at ProxyTracer.startActiveSpan (C:\Users\Dell\OneDrive\Desktop\sachit\Nyayasetu\Nyayasetu\node_modules\next\dist\compiled\@opentelemetry\api\index.js:1:18854) {
  description: "Route /api/auth/me couldn't be rendered statically because it used `request.headers`. See more info here: https://nextjs.org/docs/messages/dynamic-server-error",
  digest: 'DYNAMIC_SERVER_USAGE'
}
≡ƒîÉ i18next is made possible by our own product, Locize ΓÇö consider powering your project with managed localization (AI, CDN, integrations): https://locize.com ≡ƒÆÖ
≡ƒîÉ i18next is made possible by our own product, Locize ΓÇö consider powering your project with managed localization (AI, CDN, integrations): https://locize.com ≡ƒÆÖ
≡ƒîÉ i18next is made possible by our own product, Locize ΓÇö consider powering your project with managed localization (AI, CDN, integrations): https://locize.com ≡ƒÆÖ
≡ƒîÉ i18next is made possible by our own product, Locize ΓÇö consider powering your project with managed localization (AI, CDN, integrations): https://locize.com ≡ƒÆÖ
≡ƒîÉ i18next is made possible by our own product, Locize ΓÇö consider powering your project with managed localization (AI, CDN, integrations): https://locize.com ≡ƒÆÖ
≡ƒîÉ i18next is made possible by our own product, Locize ΓÇö consider powering your project with managed localization (AI, CDN, integrations): https://locize.com ≡ƒÆÖ
≡ƒîÉ i18next is made possible by our own product, Locize ΓÇö consider powering your project with managed localization (AI, CDN, integrations): https://locize.com ≡ƒÆÖ
   Generating static pages (26/35) 
≡ƒîÉ i18next is made possible by our own product, Locize ΓÇö consider powering your project with managed localization (AI, CDN, integrations): https://locize.com ≡ƒÆÖ
 Γ£ô Generating static pages (35/35)
   Finalizing page optimization ...
   Collecting build traces ...

Route (app)                                  Size     First Load JS
Γöî Γùï /                                        5.76 kB         121 kB
Γö£ Γùï /_not-found                              876 B          88.4 kB
Γö£ Γùï /about                                   1.76 kB         108 kB
Γö£ ╞Æ /api/ai/chat                             0 B                0 B
Γö£ ╞Æ /api/ai/recommend                        0 B                0 B
Γö£ ╞Æ /api/auth/login                          0 B                0 B
Γö£ ╞Æ /api/auth/logout                         0 B                0 B
Γö£ ╞Æ /api/auth/me                             0 B                0 B
Γö£ ╞Æ /api/auth/send-otp                       0 B                0 B
Γö£ ╞Æ /api/auth/validate-session               0 B                0 B
Γö£ ╞Æ /api/auth/verify-otp                     0 B                0 B
Γö£ ╞Æ /api/complaints                          0 B                0 B
Γö£ ╞Æ /api/complaints/[id]/feedback            0 B                0 B
Γö£ ╞Æ /api/complaints/track-by-phone/send-otp  0 B                0 B
Γö£ ╞Æ /api/complaints/track-by-phone/verify    0 B                0 B
Γö£ ╞Æ /api/complaints/track/[uid]              0 B                0 B
Γö£ Γùï /api/cron/escalate                       0 B                0 B
Γö£ ╞Æ /api/officer/complaints/[id]             0 B                0 B
Γö£ ╞Æ /api/officer/complaints/[id]/proof       0 B                0 B
Γö£ ╞Æ /api/officer/complaints/[id]/transfer    0 B                0 B
Γö£ ╞Æ /api/officer/complaints/[id]/update      0 B                0 B
Γö£ ╞Æ /api/officer/queue                       0 B                0 B
Γö£ ╞Æ /api/schemes                             0 B                0 B
Γö£ ╞Æ /api/schemes/[id]                        0 B                0 B
Γö£ ╞Æ /api/schemes/recommend                   0 B                0 B
Γö£ ╞Æ /api/supervisor/dashboard                0 B                0 B
Γö£ ╞Æ /api/supervisor/escalate                 0 B                0 B
Γö£ ╞Æ /api/supervisor/officers                 0 B                0 B
Γö£ ╞Æ /api/supervisor/overdue                  0 B                0 B
Γö£ Γùï /chat                                    5.97 kB         127 kB
Γö£ Γùï /complaints/file                         12.4 kB         119 kB
Γö£ Γùï /complaints/track                        3.61 kB         110 kB
Γö£ ╞Æ /complaints/track/[uid]                  3.4 kB          128 kB
Γö£ Γùï /login                                   2.88 kB        90.4 kB
Γö£ Γùï /officer                                 1.85 kB        92.6 kB
Γö£ ╞Æ /officer/complaints/[id]                 3.73 kB         128 kB
Γö£ Γùï /schemes                                 4.89 kB         135 kB
Γö£ ╞Æ /schemes/[id]                            3.35 kB         124 kB
Γö£ Γùï /supervisor                              119 kB          225 kB
Γö£ ╞Æ /supervisor/complaints/[id]              3.74 kB         128 kB
Γö£ Γùï /supervisor/officers                     2.58 kB        90.1 kB
Γö£ Γùï /supervisor/overdue                      2.97 kB        90.5 kB
Γöö Γùï /supervisor/queue                        1.87 kB        92.6 kB
+ First Load JS shared by all                87.5 kB
  Γö£ chunks/117-b6ba40fccc69d3be.js           31.9 kB
  Γö£ chunks/fd9d1056-52c1c583fb324022.js      53.6 kB
  Γöö other shared chunks (total)              1.96 kB


Γùï  (Static)   prerendered as static content
╞Æ  (Dynamic)  server-rendered on demand

