
> nyayasetu@0.1.0 build
> next build

  Î“Ă»â–“ Next.js 14.2.35
  - Environments: .env.local

   Creating an optimized production build ...
 Î“ÂŁĂ´ Compiled successfully
   Skipping linting
   Checking validity of types ...
   Collecting page data ...
   Generating static pages (0/28) ...
   Generating static pages (7/28) 
â‰ˇĆ’Ă®Ă‰ i18next is made possible by our own product, Locize Î“Ă‡Ă¶ consider powering your project with managed localization (AI, CDN, integrations): https://locize.com â‰ˇĆ’Ă†Ă–
â‰ˇĆ’Ă®Ă‰ i18next is made possible by our own product, Locize Î“Ă‡Ă¶ consider powering your project with managed localization (AI, CDN, integrations): https://locize.com â‰ˇĆ’Ă†Ă–
â‰ˇĆ’Ă®Ă‰ i18next is made possible by our own product, Locize Î“Ă‡Ă¶ consider powering your project with managed localization (AI, CDN, integrations): https://locize.com â‰ˇĆ’Ă†Ă–
â‰ˇĆ’Ă®Ă‰ i18next is made possible by our own product, Locize Î“Ă‡Ă¶ consider powering your project with managed localization (AI, CDN, integrations): https://locize.com â‰ˇĆ’Ă†Ă–
â‰ˇĆ’Ă®Ă‰ i18next is made possible by our own product, Locize Î“Ă‡Ă¶ consider powering your project with managed localization (AI, CDN, integrations): https://locize.com â‰ˇĆ’Ă†Ă–
â‰ˇĆ’Ă®Ă‰ i18next is made possible by our own product, Locize Î“Ă‡Ă¶ consider powering your project with managed localization (AI, CDN, integrations): https://locize.com â‰ˇĆ’Ă†Ă–
â‰ˇĆ’Ă®Ă‰ i18next is made possible by our own product, Locize Î“Ă‡Ă¶ consider powering your project with managed localization (AI, CDN, integrations): https://locize.com â‰ˇĆ’Ă†Ă–
â‰ˇĆ’Ă®Ă‰ i18next is made possible by our own product, Locize Î“Ă‡Ă¶ consider powering your project with managed localization (AI, CDN, integrations): https://locize.com â‰ˇĆ’Ă†Ă–
â‰ˇĆ’Ă®Ă‰ i18next is made possible by our own product, Locize Î“Ă‡Ă¶ consider powering your project with managed localization (AI, CDN, integrations): https://locize.com â‰ˇĆ’Ă†Ă–
â‰ˇĆ’Ă®Ă‰ i18next is made possible by our own product, Locize Î“Ă‡Ă¶ consider powering your project with managed localization (AI, CDN, integrations): https://locize.com â‰ˇĆ’Ă†Ă–
â‰ˇĆ’Ă®Ă‰ i18next is made possible by our own product, Locize Î“Ă‡Ă¶ consider powering your project with managed localization (AI, CDN, integrations): https://locize.com â‰ˇĆ’Ă†Ă–
   Generating static pages (14/28) 
   Generating static pages (21/28) 
 Î“ÂŁĂ´ Generating static pages (28/28)
   Finalizing page optimization ...
   Collecting build traces ...

Route (app)                                  Size     First Load JS
Î“Ă¶Ă® Î“ĂąĂŻ /                                        5.76 kB         121 kB
Î“Ă¶ÂŁ Î“ĂąĂŻ /_not-found                              876 B          88.4 kB
Î“Ă¶ÂŁ Î“ĂąĂŻ /about                                   1.76 kB         108 kB
Î“Ă¶ÂŁ â•žĂ† /api/ai/chat                             0 B                0 B
Î“Ă¶ÂŁ â•žĂ† /api/ai/recommend                        0 B                0 B
Î“Ă¶ÂŁ â•žĂ† /api/auth/login                          0 B                0 B
Î“Ă¶ÂŁ â•žĂ† /api/auth/logout                         0 B                0 B
Î“Ă¶ÂŁ â•žĂ† /api/auth/me                             0 B                0 B
Î“Ă¶ÂŁ â•žĂ† /api/auth/send-otp                       0 B                0 B
Î“Ă¶ÂŁ â•žĂ† /api/auth/validate-session               0 B                0 B
Î“Ă¶ÂŁ â•žĂ† /api/auth/verify-otp                     0 B                0 B
Î“Ă¶ÂŁ â•žĂ† /api/complaints                          0 B                0 B
Î“Ă¶ÂŁ â•žĂ† /api/complaints/[id]/feedback            0 B                0 B
Î“Ă¶ÂŁ â•žĂ† /api/complaints/track-by-phone/send-otp  0 B                0 B
Î“Ă¶ÂŁ â•žĂ† /api/complaints/track-by-phone/verify    0 B                0 B
Î“Ă¶ÂŁ â•žĂ† /api/complaints/track/[uid]              0 B                0 B
Î“Ă¶ÂŁ â•žĂ† /api/cron/escalate                       0 B                0 B
Î“Ă¶ÂŁ â•žĂ† /api/officer/complaints/[id]             0 B                0 B
Î“Ă¶ÂŁ â•žĂ† /api/officer/complaints/[id]/proof       0 B                0 B
Î“Ă¶ÂŁ â•žĂ† /api/officer/complaints/[id]/transfer    0 B                0 B
Î“Ă¶ÂŁ â•žĂ† /api/officer/complaints/[id]/update      0 B                0 B
Î“Ă¶ÂŁ â•žĂ† /api/officer/queue                       0 B                0 B
Î“Ă¶ÂŁ â•žĂ† /api/schemes                             0 B                0 B
Î“Ă¶ÂŁ â•žĂ† /api/schemes/[id]                        0 B                0 B
Î“Ă¶ÂŁ â•žĂ† /api/schemes/recommend                   0 B                0 B
Î“Ă¶ÂŁ â•žĂ† /api/supervisor/dashboard                0 B                0 B
Î“Ă¶ÂŁ â•žĂ† /api/supervisor/escalate                 0 B                0 B
Î“Ă¶ÂŁ â•žĂ† /api/supervisor/officers                 0 B                0 B
Î“Ă¶ÂŁ â•žĂ† /api/supervisor/overdue                  0 B                0 B
Î“Ă¶ÂŁ Î“ĂąĂŻ /chat                                    5.97 kB         127 kB
Î“Ă¶ÂŁ Î“ĂąĂŻ /complaints/file                         12.4 kB         119 kB
Î“Ă¶ÂŁ Î“ĂąĂŻ /complaints/track                        3.61 kB         110 kB
Î“Ă¶ÂŁ â•žĂ† /complaints/track/[uid]                  3.4 kB          128 kB
Î“Ă¶ÂŁ Î“ĂąĂŻ /login                                   2.88 kB        90.4 kB
Î“Ă¶ÂŁ Î“ĂąĂŻ /officer                                 1.85 kB        92.6 kB
Î“Ă¶ÂŁ â•žĂ† /officer/complaints/[id]                 3.73 kB         128 kB
Î“Ă¶ÂŁ Î“ĂąĂŻ /schemes                                 4.89 kB         135 kB
Î“Ă¶ÂŁ â•žĂ† /schemes/[id]                            3.35 kB         124 kB
Î“Ă¶ÂŁ Î“ĂąĂŻ /supervisor                              119 kB          225 kB
Î“Ă¶ÂŁ â•žĂ† /supervisor/complaints/[id]              3.74 kB         128 kB
Î“Ă¶ÂŁ Î“ĂąĂŻ /supervisor/officers                     2.58 kB        90.1 kB
Î“Ă¶ÂŁ Î“ĂąĂŻ /supervisor/overdue                      2.97 kB        90.5 kB
Î“Ă¶Ă¶ Î“ĂąĂŻ /supervisor/queue                        1.87 kB        92.6 kB
+ First Load JS shared by all                87.5 kB
  Î“Ă¶ÂŁ chunks/117-b6ba40fccc69d3be.js           31.9 kB
  Î“Ă¶ÂŁ chunks/fd9d1056-52c1c583fb324022.js      53.6 kB
  Î“Ă¶Ă¶ other shared chunks (total)              1.96 kB


Î“ĂąĂŻ  (Static)   prerendered as static content
â•žĂ†  (Dynamic)  server-rendered on demand

